
File "/etc/supervisor.d"
  should be directory

Ssh Daemon
  is listening on port 22
  has a running service of ssh-daemon

Supervisor service
  has a running service of supervisor

Finished in 0.07966 seconds (files took 0.73631 seconds to load)
4 examples, 0 failures
<?xml version="1.0" encoding="UTF-8"?>
<testsuites errors="0" failures="0" skipped="0" tests="4" time="0.079658948" timestamp="2019-02-14T11:04:16+00:00">
  <testsuite name="File &quot;/etc/supervisor.d&quot;" tests="1" errors="0" failures="0" skipped="0">
    <properties/>
    <testcase name="File &quot;/etc/supervisor.d&quot; should be directory" time="0.035770493">
    </testcase>
  </testsuite>
  <testsuite name="Ssh Daemon" tests="2" errors="0" failures="0" skipped="0">
    <properties/>
    <testcase name="Ssh Daemon is listening on port 22" time="0.025336262">
    </testcase>
    <testcase name="Ssh Daemon has a running service of ssh-daemon" time="0.00854553">
    </testcase>
  </testsuite>
  <testsuite name="Supervisor service" tests="1" errors="0" failures="0" skipped="0">
    <properties/>
    <testcase name="Supervisor service has a running service of supervisor" time="0.006053614">
    </testcase>
  </testsuite>
</testsuites>

